<?xml version="1.0" encoding="UTF-8"?>
<!-- Generated by org.testng.reporters.JUnitReportReporter -->
<testsuite skipped="0" hostname="DESKTOP-NALJGV4" name="Testscripts.Test_Script" tests="1" failures="0" timestamp="01 May 2022 07:16:16 GMT" time="16.138" errors="0">
  <testcase name="test" time="16.138" classname="Testscripts.Test_Script"/>
</testsuite> <!-- Testscripts.Test_Script -->
